<?xml version="1.0" encoding="UTF-8"?>
<!-- Generated by org.testng.reporters.JUnitReportReporter -->
<testsuite hostname="Ayushman" failures="0" tests="1" name="AyushmanDhar.RedBusQ2.AppTest" time="13.755" errors="0" timestamp="2024-03-31T18:37:35 IST" skipped="0">
  <testcase classname="AyushmanDhar.RedBusQ2.AppTest" name="busSeatSelectionTest" time="13.755"/>
  <system-out/>
</testsuite> <!-- AyushmanDhar.RedBusQ2.AppTest -->
