<?xml version="1.0" encoding="UTF-8"?>
<!-- Generated by org.testng.reporters.JUnitReportReporter -->
<testsuite hostname="Ayushman" failures="0" tests="1" name="AyushmanDhar.RedBusQ2.RedBusSeatBooking" time="14.421" errors="0" timestamp="2024-03-31T19:14:56 IST" skipped="0">
  <testcase classname="AyushmanDhar.RedBusQ2.RedBusSeatBooking" name="busSeatSelectionTest" time="14.421"/>
  <system-out/>
</testsuite> <!-- AyushmanDhar.RedBusQ2.RedBusSeatBooking -->
